<?xml version="1.0" encoding="UTF-8"?>
<!-- Generated by org.testng.reporters.JUnitReportReporter -->
<testsuite hostname="DESKTOP-OOTTLBB" failures="0" tests="4" name="tests.Offline_Control_Mode" time="219.180" errors="0" timestamp="2023-04-12T15:34:07 CET" skipped="0">
  <testcase classname="tests.Offline_Control_Mode" name="Creation_Area" time="17.536"/>
  <system-out/>
  <testcase classname="tests.Offline_Control_Mode" name="Authentification" time="20.385"/>
  <system-out/>
  <testcase classname="tests.Offline_Control_Mode" name="CreationSite" time="5.875"/>
  <system-out/>
  <testcase classname="tests.Offline_Control_Mode" name="add_Device_ControlAcc_SceneAuto_ForOnce" time="175.384"/>
  <system-out/>
</testsuite> <!-- tests.Offline_Control_Mode -->
