<?xml version="1.0" encoding="UTF-8"?>
<!-- Generated by org.testng.reporters.JUnitReportReporter -->
<testsuite hostname="DESKTOP-OOTTLBB" failures="0" tests="1" name="tests.Offline_Authentification" time="33.834" errors="0" timestamp="2023-05-23T13:30:08 CET" skipped="0">
  <testcase classname="tests.Offline_Authentification" name="Authentification" time="33.834"/>
  <system-out/>
</testsuite> <!-- tests.Offline_Authentification -->
