<?xml version="1.0" encoding="UTF-8"?>
<!-- Generated by org.testng.reporters.JUnitReportReporter -->
<testsuite hostname="DESKTOP-OOTTLBB" failures="0" tests="4" name="tests.Offline_Control_Mode" time="263.970" errors="0" timestamp="2023-04-14T10:43:44 CET" skipped="0">
  <testcase classname="tests.Offline_Control_Mode" name="add_Device_ControlAcc_SceneAuto_ForOnce" time="220.626"/>
  <system-out/>
  <testcase classname="tests.Offline_Control_Mode" name="CreationSite" time="5.734"/>
  <system-out/>
  <testcase classname="tests.Offline_Control_Mode" name="Creation_Area" time="17.302"/>
  <system-out/>
  <testcase classname="tests.Offline_Control_Mode" name="Authentification" time="20.308"/>
  <system-out/>
</testsuite> <!-- tests.Offline_Control_Mode -->
