<?xml version="1.0" encoding="UTF-8"?>
<!-- Generated by org.testng.reporters.JUnitReportReporter -->
<testsuite hostname="DESKTOP-OOTTLBB" failures="0" tests="4" name="tests.Offline_Control_Mode" time="262.967" errors="0" timestamp="2023-04-13T13:52:33 CET" skipped="0">
  <testcase classname="tests.Offline_Control_Mode" name="add_Device_ControlAcc_SceneAuto_ForOnce" time="217.480"/>
  <system-out/>
  <testcase classname="tests.Offline_Control_Mode" name="CreationSite" time="6.181"/>
  <system-out/>
  <testcase classname="tests.Offline_Control_Mode" name="Authentification" time="21.403"/>
  <system-out/>
  <testcase classname="tests.Offline_Control_Mode" name="Creation_Area" time="17.903"/>
  <system-out/>
</testsuite> <!-- tests.Offline_Control_Mode -->
