<?xml version="1.0" encoding="UTF-8"?>
<!-- Generated by org.testng.reporters.JUnitReportReporter -->
<testsuite hostname="DESKTOP-OOTTLBB" failures="0" tests="4" name="tests.Offline_Control_Mode" time="306.931" errors="0" timestamp="2023-04-14T14:34:31 CET" skipped="0">
  <testcase classname="tests.Offline_Control_Mode" name="Authentification" time="20.422"/>
  <system-out/>
  <testcase classname="tests.Offline_Control_Mode" name="Creation_Area" time="17.236"/>
  <system-out/>
  <testcase classname="tests.Offline_Control_Mode" name="CreationSite" time="6.058"/>
  <system-out/>
  <testcase classname="tests.Offline_Control_Mode" name="add_Device_ControlAcc_SceneAuto_ForOnce" time="263.215"/>
  <system-out/>
</testsuite> <!-- tests.Offline_Control_Mode -->
