<?xml version="1.0" encoding="UTF-8"?>
<!-- Generated by org.testng.reporters.JUnitReportReporter -->
<testsuite hostname="DESKTOP-OOTTLBB" failures="0" tests="4" name="tests.Offline_Control_Mode" time="162.123" errors="0" timestamp="2023-04-11T13:58:18 CET" skipped="0">
  <testcase classname="tests.Offline_Control_Mode" name="CreationSite" time="6.736"/>
  <system-out/>
  <testcase classname="tests.Offline_Control_Mode" name="add_Device_SceneAuto_ForOnce" time="117.382"/>
  <system-out/>
  <testcase classname="tests.Offline_Control_Mode" name="Creation_Area" time="17.541"/>
  <system-out/>
  <testcase classname="tests.Offline_Control_Mode" name="Authentification" time="20.464"/>
  <system-out/>
</testsuite> <!-- tests.Offline_Control_Mode -->
