<?xml version="1.0" encoding="UTF-8"?>
<!-- Generated by org.testng.reporters.JUnitReportReporter -->
<testsuite hostname="DESKTOP-OOTTLBB" failures="0" tests="7" name="tests.Offline_Control_Mode" time="356.591" errors="0" timestamp="2023-05-25T14:00:50 CET" skipped="0">
  <testcase classname="tests.Offline_Control_Mode" name="add_Device" time="98.805"/>
  <system-out/>
  <testcase classname="tests.Offline_Control_Mode" name="creationScAuto" time="69.617"/>
  <system-out/>
  <testcase classname="tests.Offline_Control_Mode" name="CreationSite" time="8.193"/>
  <system-out/>
  <testcase classname="tests.Offline_Control_Mode" name="Creation_Area" time="18.210"/>
  <system-out/>
  <testcase classname="tests.Offline_Control_Mode" name="control_Acc_Case1" time="62.755"/>
  <system-out/>
  <testcase classname="tests.Offline_Control_Mode" name="edit_Device" time="79.416"/>
  <system-out/>
  <testcase classname="tests.Offline_Control_Mode" name="Authentification" time="19.595"/>
  <system-out/>
</testsuite> <!-- tests.Offline_Control_Mode -->
