<?xml version="1.0" encoding="UTF-8"?>
<!-- Generated by org.testng.reporters.JUnitReportReporter -->
<testsuite hostname="DESKTOP-OOTTLBB" failures="0" tests="1" name="config.BaseClass" time="14.536" errors="0" timestamp="2023-05-23T12:31:16 CET" skipped="0">
  <testcase classname="config.BaseClass" name="Authentification" time="14.536"/>
  <system-out/>
</testsuite> <!-- config.BaseClass -->
